[2021-09-12 04:13:46.820] [exthost] [info] extension host started
[2021-09-12 04:13:46.845] [exthost] [info] ExtensionService#_doActivateExtension vscode.microsoft-authentication {"startup":false,"extensionId":{"value":"vscode.microsoft-authentication","_lower":"vscode.microsoft-authentication"},"activationEvent":"onAuthenticationRequest:microsoft"}
[2021-09-12 04:13:46.845] [exthost] [info] ExtensionService#loadCommonJSModule file:///private/var/folders/zn/69qm296d3pqfv6207b8zbx_h0000gn/T/AppTranslocation/007A3D1D-4998-4C70-ABAF-F5D12E456586/d/Visual Studio Code 3.51.21 PM.app/Contents/Resources/app/extensions/microsoft-authentication/dist/extension.js
[2021-09-12 04:13:46.877] [exthost] [info] ExtensionService#_doActivateExtension vscode.debug-auto-launch {"startup":true,"extensionId":{"value":"vscode.debug-auto-launch","_lower":"vscode.debug-auto-launch"},"activationEvent":"*"}
[2021-09-12 04:13:46.878] [exthost] [info] ExtensionService#loadCommonJSModule file:///private/var/folders/zn/69qm296d3pqfv6207b8zbx_h0000gn/T/AppTranslocation/007A3D1D-4998-4C70-ABAF-F5D12E456586/d/Visual Studio Code 3.51.21 PM.app/Contents/Resources/app/extensions/debug-auto-launch/dist/extension
[2021-09-12 04:13:46.883] [exthost] [info] ExtensionService#_doActivateExtension vscode.git {"startup":true,"extensionId":{"value":"vscode.github","_lower":"vscode.github"},"activationEvent":"*"}
[2021-09-12 04:13:46.884] [exthost] [info] ExtensionService#loadCommonJSModule file:///private/var/folders/zn/69qm296d3pqfv6207b8zbx_h0000gn/T/AppTranslocation/007A3D1D-4998-4C70-ABAF-F5D12E456586/d/Visual Studio Code 3.51.21 PM.app/Contents/Resources/app/extensions/git/dist/main
[2021-09-12 04:13:46.902] [exthost] [info] ExtensionService#_doActivateExtension basarat.god {"startup":true,"extensionId":{"value":"basarat.god","_lower":"basarat.god"},"activationEvent":"*"}
[2021-09-12 04:13:46.902] [exthost] [info] ExtensionService#loadCommonJSModule file:///Users/macbookpro/.vscode/extensions/basarat.god-0.0.104/out/extension
[2021-09-12 04:13:47.258] [exthost] [info] ExtensionService#_doActivateExtension CoenraadS.bracket-pair-colorizer {"startup":true,"extensionId":{"value":"CoenraadS.bracket-pair-colorizer","_lower":"coenraads.bracket-pair-colorizer"},"activationEvent":"*"}
[2021-09-12 04:13:47.258] [exthost] [info] ExtensionService#loadCommonJSModule file:///Users/macbookpro/.vscode/extensions/coenraads.bracket-pair-colorizer-1.0.61/out/src/extension
[2021-09-12 04:13:47.270] [exthost] [info] ExtensionService#_doActivateExtension ritwickdey.LiveServer {"startup":true,"extensionId":{"value":"ritwickdey.LiveServer","_lower":"ritwickdey.liveserver"},"activationEvent":"*"}
[2021-09-12 04:13:47.270] [exthost] [info] ExtensionService#loadCommonJSModule file:///Users/macbookpro/.vscode/extensions/ritwickdey.liveserver-5.6.1/out/src/extension
[2021-09-12 04:13:47.774] [exthost] [info] ExtensionService#_doActivateExtension ms-vscode.js-debug {"startup":false,"extensionId":{"value":"ms-vscode.js-debug","_lower":"ms-vscode.js-debug"},"activationEvent":"onCommand:extension.js-debug.clearAutoAttachVariables"}
[2021-09-12 04:13:47.774] [exthost] [info] ExtensionService#loadCommonJSModule file:///private/var/folders/zn/69qm296d3pqfv6207b8zbx_h0000gn/T/AppTranslocation/007A3D1D-4998-4C70-ABAF-F5D12E456586/d/Visual Studio Code 3.51.21 PM.app/Contents/Resources/app/extensions/ms-vscode.js-debug/src/extension.js
[2021-09-12 04:13:47.921] [exthost] [info] ExtensionService#_doActivateExtension vscode.github-authentication {"startup":false,"extensionId":{"value":"vscode.github-authentication","_lower":"vscode.github-authentication"},"activationEvent":"onAuthenticationRequest:github"}
[2021-09-12 04:13:47.921] [exthost] [info] ExtensionService#loadCommonJSModule file:///private/var/folders/zn/69qm296d3pqfv6207b8zbx_h0000gn/T/AppTranslocation/007A3D1D-4998-4C70-ABAF-F5D12E456586/d/Visual Studio Code 3.51.21 PM.app/Contents/Resources/app/extensions/github-authentication/dist/extension.js
[2021-09-12 04:13:47.955] [exthost] [info] ExtensionService#_doActivateExtension vscode.github {"startup":true,"extensionId":{"value":"vscode.github","_lower":"vscode.github"},"activationEvent":"*"}
[2021-09-12 04:13:47.955] [exthost] [info] ExtensionService#loadCommonJSModule file:///private/var/folders/zn/69qm296d3pqfv6207b8zbx_h0000gn/T/AppTranslocation/007A3D1D-4998-4C70-ABAF-F5D12E456586/d/Visual Studio Code 3.51.21 PM.app/Contents/Resources/app/extensions/github/dist/extension.js
[2021-09-12 04:13:47.964] [exthost] [info] eager extensions activated
[2021-09-12 04:13:47.968] [exthost] [info] ExtensionService#_doActivateExtension vscode.emmet {"startup":false,"extensionId":{"value":"vscode.emmet","_lower":"vscode.emmet"},"activationEvent":"onStartupFinished"}
[2021-09-12 04:13:47.969] [exthost] [info] ExtensionService#loadCommonJSModule file:///private/var/folders/zn/69qm296d3pqfv6207b8zbx_h0000gn/T/AppTranslocation/007A3D1D-4998-4C70-ABAF-F5D12E456586/d/Visual Studio Code 3.51.21 PM.app/Contents/Resources/app/extensions/emmet/dist/node/emmetNodeMain
[2021-09-12 04:13:47.975] [exthost] [info] ExtensionService#_doActivateExtension vscode.merge-conflict {"startup":false,"extensionId":{"value":"vscode.merge-conflict","_lower":"vscode.merge-conflict"},"activationEvent":"onStartupFinished"}
[2021-09-12 04:13:47.975] [exthost] [info] ExtensionService#loadCommonJSModule file:///private/var/folders/zn/69qm296d3pqfv6207b8zbx_h0000gn/T/AppTranslocation/007A3D1D-4998-4C70-ABAF-F5D12E456586/d/Visual Studio Code 3.51.21 PM.app/Contents/Resources/app/extensions/merge-conflict/dist/mergeConflictMain
[2021-09-12 04:13:47.978] [exthost] [info] ExtensionService#_doActivateExtension vscode.testing-editor-contributions {"startup":false,"extensionId":{"value":"vscode.testing-editor-contributions","_lower":"vscode.testing-editor-contributions"},"activationEvent":"onStartupFinished"}
[2021-09-12 04:13:47.978] [exthost] [info] ExtensionService#loadCommonJSModule file:///private/var/folders/zn/69qm296d3pqfv6207b8zbx_h0000gn/T/AppTranslocation/007A3D1D-4998-4C70-ABAF-F5D12E456586/d/Visual Studio Code 3.51.21 PM.app/Contents/Resources/app/extensions/testing-editor-contributions/dist/extension.js
[2021-09-12 04:13:47.979] [exthost] [info] ExtensionService#_doActivateExtension esbenp.prettier-vscode {"startup":false,"extensionId":{"value":"esbenp.prettier-vscode","_lower":"esbenp.prettier-vscode"},"activationEvent":"onStartupFinished"}
[2021-09-12 04:13:47.979] [exthost] [info] ExtensionService#loadCommonJSModule file:///Users/macbookpro/.vscode/extensions/esbenp.prettier-vscode-7.1.1/dist/extension
[2021-09-12 04:13:48.031] [exthost] [info] ExtensionService#_doActivateExtension formulahendry.code-runner {"startup":false,"extensionId":{"value":"formulahendry.code-runner","_lower":"formulahendry.code-runner"},"activationEvent":"onStartupFinished"}
[2021-09-12 04:13:48.031] [exthost] [info] ExtensionService#loadCommonJSModule file:///Users/macbookpro/.vscode/extensions/formulahendry.code-runner-0.11.3/out/src/extension
[2021-09-12 04:13:48.161] [exthost] [info] ExtensionService#_doActivateExtension ms-vscode-remote.remote-containers {"startup":false,"extensionId":{"value":"ms-vscode-remote.remote-containers","_lower":"ms-vscode-remote.remote-containers"},"activationEvent":"onStartupFinished"}
[2021-09-12 04:13:48.161] [exthost] [info] ExtensionService#loadCommonJSModule file:///Users/macbookpro/.vscode/extensions/ms-vscode-remote.remote-containers-0.163.2/dist/extension/extension
[2021-09-12 04:13:50.920] [exthost] [info] extension host terminating: received terminate message from renderer
[2021-09-12 04:13:51.926] [exthost] [info] exiting with code 0
[2021-09-12 04:13:53.152] [exthost] [info] extension host started
[2021-09-12 04:13:53.195] [exthost] [info] ExtensionService#_doActivateExtension vscode.microsoft-authentication {"startup":false,"extensionId":{"value":"vscode.microsoft-authentication","_lower":"vscode.microsoft-authentication"},"activationEvent":"onAuthenticationRequest:microsoft"}
[2021-09-12 04:13:53.196] [exthost] [info] ExtensionService#loadCommonJSModule file:///private/var/folders/zn/69qm296d3pqfv6207b8zbx_h0000gn/T/AppTranslocation/007A3D1D-4998-4C70-ABAF-F5D12E456586/d/Visual Studio Code 3.51.21 PM.app/Contents/Resources/app/extensions/microsoft-authentication/dist/extension.js
[2021-09-12 04:13:53.212] [exthost] [info] ExtensionService#_doActivateExtension vscode.configuration-editing {"startup":false,"extensionId":{"value":"vscode.configuration-editing","_lower":"vscode.configuration-editing"},"activationEvent":"onLanguage:json"}
[2021-09-12 04:13:53.213] [exthost] [info] ExtensionService#loadCommonJSModule file:///private/var/folders/zn/69qm296d3pqfv6207b8zbx_h0000gn/T/AppTranslocation/007A3D1D-4998-4C70-ABAF-F5D12E456586/d/Visual Studio Code 3.51.21 PM.app/Contents/Resources/app/extensions/configuration-editing/dist/configurationEditingMain
[2021-09-12 04:13:53.215] [exthost] [info] ExtensionService#_doActivateExtension vscode.extension-editing {"startup":false,"extensionId":{"value":"vscode.extension-editing","_lower":"vscode.extension-editing"},"activationEvent":"onLanguage:json"}
[2021-09-12 04:13:53.215] [exthost] [info] ExtensionService#loadCommonJSModule file:///private/var/folders/zn/69qm296d3pqfv6207b8zbx_h0000gn/T/AppTranslocation/007A3D1D-4998-4C70-ABAF-F5D12E456586/d/Visual Studio Code 3.51.21 PM.app/Contents/Resources/app/extensions/extension-editing/dist/extensionEditingMain
[2021-09-12 04:13:53.220] [exthost] [info] ExtensionService#_doActivateExtension vscode.json-language-features {"startup":false,"extensionId":{"value":"vscode.json-language-features","_lower":"vscode.json-language-features"},"activationEvent":"onLanguage:json"}
[2021-09-12 04:13:53.220] [exthost] [info] ExtensionService#loadCommonJSModule file:///private/var/folders/zn/69qm296d3pqfv6207b8zbx_h0000gn/T/AppTranslocation/007A3D1D-4998-4C70-ABAF-F5D12E456586/d/Visual Studio Code 3.51.21 PM.app/Contents/Resources/app/extensions/json-language-features/client/dist/node/jsonClientMain
[2021-09-12 04:13:53.231] [exthost] [info] ExtensionService#_doActivateExtension vscode.npm {"startup":false,"extensionId":{"value":"vscode.npm","_lower":"vscode.npm"},"activationEvent":"onLanguage:json"}
[2021-09-12 04:13:53.232] [exthost] [info] ExtensionService#loadCommonJSModule file:///private/var/folders/zn/69qm296d3pqfv6207b8zbx_h0000gn/T/AppTranslocation/007A3D1D-4998-4C70-ABAF-F5D12E456586/d/Visual Studio Code 3.51.21 PM.app/Contents/Resources/app/extensions/npm/dist/npmMain
[2021-09-12 04:13:53.240] [exthost] [info] ExtensionService#_doActivateExtension vscode.debug-auto-launch {"startup":true,"extensionId":{"value":"vscode.debug-auto-launch","_lower":"vscode.debug-auto-launch"},"activationEvent":"*"}
[2021-09-12 04:13:53.241] [exthost] [info] ExtensionService#loadCommonJSModule file:///private/var/folders/zn/69qm296d3pqfv6207b8zbx_h0000gn/T/AppTranslocation/007A3D1D-4998-4C70-ABAF-F5D12E456586/d/Visual Studio Code 3.51.21 PM.app/Contents/Resources/app/extensions/debug-auto-launch/dist/extension
[2021-09-12 04:13:53.244] [exthost] [info] ExtensionService#_doActivateExtension vscode.git {"startup":true,"extensionId":{"value":"vscode.github","_lower":"vscode.github"},"activationEvent":"*"}
[2021-09-12 04:13:53.244] [exthost] [info] ExtensionService#loadCommonJSModule file:///private/var/folders/zn/69qm296d3pqfv6207b8zbx_h0000gn/T/AppTranslocation/007A3D1D-4998-4C70-ABAF-F5D12E456586/d/Visual Studio Code 3.51.21 PM.app/Contents/Resources/app/extensions/git/dist/main
[2021-09-12 04:13:53.259] [exthost] [info] ExtensionService#_doActivateExtension basarat.god {"startup":true,"extensionId":{"value":"basarat.god","_lower":"basarat.god"},"activationEvent":"*"}
[2021-09-12 04:13:53.259] [exthost] [info] ExtensionService#loadCommonJSModule file:///Users/macbookpro/.vscode/extensions/basarat.god-0.0.104/out/extension
[2021-09-12 04:13:53.602] [exthost] [info] ExtensionService#_doActivateExtension CoenraadS.bracket-pair-colorizer {"startup":true,"extensionId":{"value":"CoenraadS.bracket-pair-colorizer","_lower":"coenraads.bracket-pair-colorizer"},"activationEvent":"*"}
[2021-09-12 04:13:53.602] [exthost] [info] ExtensionService#loadCommonJSModule file:///Users/macbookpro/.vscode/extensions/coenraads.bracket-pair-colorizer-1.0.61/out/src/extension
[2021-09-12 04:13:53.614] [exthost] [info] ExtensionService#_doActivateExtension ritwickdey.LiveServer {"startup":true,"extensionId":{"value":"ritwickdey.LiveServer","_lower":"ritwickdey.liveserver"},"activationEvent":"*"}
[2021-09-12 04:13:53.615] [exthost] [info] ExtensionService#loadCommonJSModule file:///Users/macbookpro/.vscode/extensions/ritwickdey.liveserver-5.6.1/out/src/extension
[2021-09-12 04:13:54.029] [exthost] [info] ExtensionService#_doActivateExtension ms-vscode.js-debug {"startup":false,"extensionId":{"value":"ms-vscode.js-debug","_lower":"ms-vscode.js-debug"},"activationEvent":"onCommand:extension.js-debug.clearAutoAttachVariables"}
[2021-09-12 04:13:54.029] [exthost] [info] ExtensionService#loadCommonJSModule file:///private/var/folders/zn/69qm296d3pqfv6207b8zbx_h0000gn/T/AppTranslocation/007A3D1D-4998-4C70-ABAF-F5D12E456586/d/Visual Studio Code 3.51.21 PM.app/Contents/Resources/app/extensions/ms-vscode.js-debug/src/extension.js
[2021-09-12 04:13:54.232] [exthost] [info] ExtensionService#_doActivateExtension vscode.github {"startup":true,"extensionId":{"value":"vscode.github","_lower":"vscode.github"},"activationEvent":"*"}
[2021-09-12 04:13:54.232] [exthost] [info] ExtensionService#loadCommonJSModule file:///private/var/folders/zn/69qm296d3pqfv6207b8zbx_h0000gn/T/AppTranslocation/007A3D1D-4998-4C70-ABAF-F5D12E456586/d/Visual Studio Code 3.51.21 PM.app/Contents/Resources/app/extensions/github/dist/extension.js
[2021-09-12 04:13:54.237] [exthost] [info] ExtensionService#_doActivateExtension vscode.github-authentication {"startup":false,"extensionId":{"value":"vscode.github-authentication","_lower":"vscode.github-authentication"},"activationEvent":"onAuthenticationRequest:github"}
[2021-09-12 04:13:54.237] [exthost] [info] ExtensionService#loadCommonJSModule file:///private/var/folders/zn/69qm296d3pqfv6207b8zbx_h0000gn/T/AppTranslocation/007A3D1D-4998-4C70-ABAF-F5D12E456586/d/Visual Studio Code 3.51.21 PM.app/Contents/Resources/app/extensions/github-authentication/dist/extension.js
[2021-09-12 04:13:54.262] [exthost] [info] eager extensions activated
[2021-09-12 04:13:54.323] [exthost] [info] ExtensionService#_doActivateExtension vscode.emmet {"startup":false,"extensionId":{"value":"vscode.emmet","_lower":"vscode.emmet"},"activationEvent":"onStartupFinished"}
[2021-09-12 04:13:54.324] [exthost] [info] ExtensionService#loadCommonJSModule file:///private/var/folders/zn/69qm296d3pqfv6207b8zbx_h0000gn/T/AppTranslocation/007A3D1D-4998-4C70-ABAF-F5D12E456586/d/Visual Studio Code 3.51.21 PM.app/Contents/Resources/app/extensions/emmet/dist/node/emmetNodeMain
[2021-09-12 04:13:54.330] [exthost] [info] ExtensionService#_doActivateExtension vscode.merge-conflict {"startup":false,"extensionId":{"value":"vscode.merge-conflict","_lower":"vscode.merge-conflict"},"activationEvent":"onStartupFinished"}
[2021-09-12 04:13:54.330] [exthost] [info] ExtensionService#loadCommonJSModule file:///private/var/folders/zn/69qm296d3pqfv6207b8zbx_h0000gn/T/AppTranslocation/007A3D1D-4998-4C70-ABAF-F5D12E456586/d/Visual Studio Code 3.51.21 PM.app/Contents/Resources/app/extensions/merge-conflict/dist/mergeConflictMain
[2021-09-12 04:13:54.333] [exthost] [info] ExtensionService#_doActivateExtension vscode.testing-editor-contributions {"startup":false,"extensionId":{"value":"vscode.testing-editor-contributions","_lower":"vscode.testing-editor-contributions"},"activationEvent":"onStartupFinished"}
[2021-09-12 04:13:54.333] [exthost] [info] ExtensionService#loadCommonJSModule file:///private/var/folders/zn/69qm296d3pqfv6207b8zbx_h0000gn/T/AppTranslocation/007A3D1D-4998-4C70-ABAF-F5D12E456586/d/Visual Studio Code 3.51.21 PM.app/Contents/Resources/app/extensions/testing-editor-contributions/dist/extension.js
[2021-09-12 04:13:54.335] [exthost] [info] ExtensionService#_doActivateExtension esbenp.prettier-vscode {"startup":false,"extensionId":{"value":"esbenp.prettier-vscode","_lower":"esbenp.prettier-vscode"},"activationEvent":"onStartupFinished"}
[2021-09-12 04:13:54.335] [exthost] [info] ExtensionService#loadCommonJSModule file:///Users/macbookpro/.vscode/extensions/esbenp.prettier-vscode-7.1.1/dist/extension
[2021-09-12 04:13:54.373] [exthost] [info] ExtensionService#_doActivateExtension formulahendry.code-runner {"startup":false,"extensionId":{"value":"formulahendry.code-runner","_lower":"formulahendry.code-runner"},"activationEvent":"onStartupFinished"}
[2021-09-12 04:13:54.373] [exthost] [info] ExtensionService#loadCommonJSModule file:///Users/macbookpro/.vscode/extensions/formulahendry.code-runner-0.11.3/out/src/extension
[2021-09-12 04:13:54.408] [exthost] [info] ExtensionService#_doActivateExtension ms-vscode-remote.remote-containers {"startup":false,"extensionId":{"value":"ms-vscode-remote.remote-containers","_lower":"ms-vscode-remote.remote-containers"},"activationEvent":"onStartupFinished"}
[2021-09-12 04:13:54.409] [exthost] [info] ExtensionService#loadCommonJSModule file:///Users/macbookpro/.vscode/extensions/ms-vscode-remote.remote-containers-0.163.2/dist/extension/extension
[2021-09-12 04:13:54.627] [exthost] [warning] [Decorations] CAPPING events from decorations provider vscode.git 1053
[2021-09-12 04:13:56.265] [exthost] [warning] [Decorations] CAPPING events from decorations provider vscode.git 1055
[2021-09-12 04:14:05.498] [exthost] [warning] [Decorations] CAPPING events from decorations provider vscode.git 1055
[2021-09-12 04:14:18.285] [exthost] [warning] [Decorations] CAPPING events from decorations provider vscode.git 1055
[2021-09-12 04:19:22.497] [exthost] [warning] [Decorations] CAPPING events from decorations provider vscode.git 1055
[2021-09-12 04:22:39.255] [exthost] [warning] [Decorations] CAPPING events from decorations provider vscode.git 1055
[2021-09-12 04:25:36.120] [exthost] [warning] [Decorations] CAPPING events from decorations provider vscode.git 1055
[2021-09-12 04:25:41.252] [exthost] [warning] [Decorations] CAPPING events from decorations provider vscode.git 1055
[2021-09-12 04:40:37.749] [exthost] [warning] [Decorations] CAPPING events from decorations provider vscode.git 1055
[2021-09-12 04:40:42.882] [exthost] [warning] [Decorations] CAPPING events from decorations provider vscode.git 1055
[2021-09-12 04:43:12.568] [exthost] [warning] [Decorations] CAPPING events from decorations provider vscode.git 1055
[2021-09-12 04:43:45.823] [exthost] [warning] [Decorations] CAPPING events from decorations provider vscode.git 1055
[2021-09-12 04:43:46.458] [exthost] [info] extension host terminating: received terminate message from renderer
[2021-09-12 04:43:47.471] [exthost] [info] exiting with code 0
