[2021-09-12 04:44:52.755] [exthost] [info] extension host started
[2021-09-12 04:44:52.772] [exthost] [info] ExtensionService#_doActivateExtension vscode.microsoft-authentication {"startup":false,"extensionId":{"value":"vscode.microsoft-authentication","_lower":"vscode.microsoft-authentication"},"activationEvent":"onAuthenticationRequest:microsoft"}
[2021-09-12 04:44:52.772] [exthost] [info] ExtensionService#loadCommonJSModule file:///private/var/folders/zn/69qm296d3pqfv6207b8zbx_h0000gn/T/AppTranslocation/007A3D1D-4998-4C70-ABAF-F5D12E456586/d/Visual Studio Code 3.51.21 PM.app/Contents/Resources/app/extensions/microsoft-authentication/dist/extension.js
[2021-09-12 04:44:52.790] [exthost] [info] ExtensionService#_doActivateExtension vscode.debug-auto-launch {"startup":true,"extensionId":{"value":"vscode.debug-auto-launch","_lower":"vscode.debug-auto-launch"},"activationEvent":"*"}
[2021-09-12 04:44:52.790] [exthost] [info] ExtensionService#loadCommonJSModule file:///private/var/folders/zn/69qm296d3pqfv6207b8zbx_h0000gn/T/AppTranslocation/007A3D1D-4998-4C70-ABAF-F5D12E456586/d/Visual Studio Code 3.51.21 PM.app/Contents/Resources/app/extensions/debug-auto-launch/dist/extension
[2021-09-12 04:44:52.795] [exthost] [info] ExtensionService#_doActivateExtension vscode.git {"startup":true,"extensionId":{"value":"vscode.github","_lower":"vscode.github"},"activationEvent":"*"}
[2021-09-12 04:44:52.795] [exthost] [info] ExtensionService#loadCommonJSModule file:///private/var/folders/zn/69qm296d3pqfv6207b8zbx_h0000gn/T/AppTranslocation/007A3D1D-4998-4C70-ABAF-F5D12E456586/d/Visual Studio Code 3.51.21 PM.app/Contents/Resources/app/extensions/git/dist/main
[2021-09-12 04:44:52.808] [exthost] [info] ExtensionService#_doActivateExtension basarat.god {"startup":true,"extensionId":{"value":"basarat.god","_lower":"basarat.god"},"activationEvent":"*"}
[2021-09-12 04:44:52.808] [exthost] [info] ExtensionService#loadCommonJSModule file:///Users/macbookpro/.vscode/extensions/basarat.god-0.0.104/out/extension
[2021-09-12 04:44:53.192] [exthost] [info] ExtensionService#_doActivateExtension CoenraadS.bracket-pair-colorizer {"startup":true,"extensionId":{"value":"CoenraadS.bracket-pair-colorizer","_lower":"coenraads.bracket-pair-colorizer"},"activationEvent":"*"}
[2021-09-12 04:44:53.192] [exthost] [info] ExtensionService#loadCommonJSModule file:///Users/macbookpro/.vscode/extensions/coenraads.bracket-pair-colorizer-1.0.61/out/src/extension
[2021-09-12 04:44:53.207] [exthost] [info] ExtensionService#_doActivateExtension ritwickdey.LiveServer {"startup":true,"extensionId":{"value":"ritwickdey.LiveServer","_lower":"ritwickdey.liveserver"},"activationEvent":"*"}
[2021-09-12 04:44:53.207] [exthost] [info] ExtensionService#loadCommonJSModule file:///Users/macbookpro/.vscode/extensions/ritwickdey.liveserver-5.6.1/out/src/extension
[2021-09-12 04:44:53.626] [exthost] [info] ExtensionService#_doActivateExtension ms-vscode.js-debug {"startup":false,"extensionId":{"value":"ms-vscode.js-debug","_lower":"ms-vscode.js-debug"},"activationEvent":"onCommand:extension.js-debug.clearAutoAttachVariables"}
[2021-09-12 04:44:53.626] [exthost] [info] ExtensionService#loadCommonJSModule file:///private/var/folders/zn/69qm296d3pqfv6207b8zbx_h0000gn/T/AppTranslocation/007A3D1D-4998-4C70-ABAF-F5D12E456586/d/Visual Studio Code 3.51.21 PM.app/Contents/Resources/app/extensions/ms-vscode.js-debug/src/extension.js
[2021-09-12 04:44:53.800] [exthost] [info] ExtensionService#_doActivateExtension vscode.github {"startup":true,"extensionId":{"value":"vscode.github","_lower":"vscode.github"},"activationEvent":"*"}
[2021-09-12 04:44:53.800] [exthost] [info] ExtensionService#loadCommonJSModule file:///private/var/folders/zn/69qm296d3pqfv6207b8zbx_h0000gn/T/AppTranslocation/007A3D1D-4998-4C70-ABAF-F5D12E456586/d/Visual Studio Code 3.51.21 PM.app/Contents/Resources/app/extensions/github/dist/extension.js
[2021-09-12 04:44:53.803] [exthost] [info] ExtensionService#_doActivateExtension vscode.github-authentication {"startup":false,"extensionId":{"value":"vscode.github-authentication","_lower":"vscode.github-authentication"},"activationEvent":"onAuthenticationRequest:github"}
[2021-09-12 04:44:53.803] [exthost] [info] ExtensionService#loadCommonJSModule file:///private/var/folders/zn/69qm296d3pqfv6207b8zbx_h0000gn/T/AppTranslocation/007A3D1D-4998-4C70-ABAF-F5D12E456586/d/Visual Studio Code 3.51.21 PM.app/Contents/Resources/app/extensions/github-authentication/dist/extension.js
[2021-09-12 04:44:53.811] [exthost] [info] eager extensions activated
[2021-09-12 04:44:53.814] [exthost] [info] ExtensionService#_doActivateExtension vscode.emmet {"startup":false,"extensionId":{"value":"vscode.emmet","_lower":"vscode.emmet"},"activationEvent":"onStartupFinished"}
[2021-09-12 04:44:53.814] [exthost] [info] ExtensionService#loadCommonJSModule file:///private/var/folders/zn/69qm296d3pqfv6207b8zbx_h0000gn/T/AppTranslocation/007A3D1D-4998-4C70-ABAF-F5D12E456586/d/Visual Studio Code 3.51.21 PM.app/Contents/Resources/app/extensions/emmet/dist/node/emmetNodeMain
[2021-09-12 04:44:53.819] [exthost] [info] ExtensionService#_doActivateExtension vscode.merge-conflict {"startup":false,"extensionId":{"value":"vscode.merge-conflict","_lower":"vscode.merge-conflict"},"activationEvent":"onStartupFinished"}
[2021-09-12 04:44:53.819] [exthost] [info] ExtensionService#loadCommonJSModule file:///private/var/folders/zn/69qm296d3pqfv6207b8zbx_h0000gn/T/AppTranslocation/007A3D1D-4998-4C70-ABAF-F5D12E456586/d/Visual Studio Code 3.51.21 PM.app/Contents/Resources/app/extensions/merge-conflict/dist/mergeConflictMain
[2021-09-12 04:44:53.821] [exthost] [info] ExtensionService#_doActivateExtension vscode.testing-editor-contributions {"startup":false,"extensionId":{"value":"vscode.testing-editor-contributions","_lower":"vscode.testing-editor-contributions"},"activationEvent":"onStartupFinished"}
[2021-09-12 04:44:53.821] [exthost] [info] ExtensionService#loadCommonJSModule file:///private/var/folders/zn/69qm296d3pqfv6207b8zbx_h0000gn/T/AppTranslocation/007A3D1D-4998-4C70-ABAF-F5D12E456586/d/Visual Studio Code 3.51.21 PM.app/Contents/Resources/app/extensions/testing-editor-contributions/dist/extension.js
[2021-09-12 04:44:53.822] [exthost] [info] ExtensionService#_doActivateExtension esbenp.prettier-vscode {"startup":false,"extensionId":{"value":"esbenp.prettier-vscode","_lower":"esbenp.prettier-vscode"},"activationEvent":"onStartupFinished"}
[2021-09-12 04:44:53.822] [exthost] [info] ExtensionService#loadCommonJSModule file:///Users/macbookpro/.vscode/extensions/esbenp.prettier-vscode-7.1.1/dist/extension
[2021-09-12 04:44:53.858] [exthost] [info] ExtensionService#_doActivateExtension formulahendry.code-runner {"startup":false,"extensionId":{"value":"formulahendry.code-runner","_lower":"formulahendry.code-runner"},"activationEvent":"onStartupFinished"}
[2021-09-12 04:44:53.858] [exthost] [info] ExtensionService#loadCommonJSModule file:///Users/macbookpro/.vscode/extensions/formulahendry.code-runner-0.11.3/out/src/extension
[2021-09-12 04:44:53.888] [exthost] [info] ExtensionService#_doActivateExtension ms-vscode-remote.remote-containers {"startup":false,"extensionId":{"value":"ms-vscode-remote.remote-containers","_lower":"ms-vscode-remote.remote-containers"},"activationEvent":"onStartupFinished"}
[2021-09-12 04:44:53.888] [exthost] [info] ExtensionService#loadCommonJSModule file:///Users/macbookpro/.vscode/extensions/ms-vscode-remote.remote-containers-0.163.2/dist/extension/extension
[2021-09-12 04:44:55.093] [exthost] [info] extension host terminating: received terminate message from renderer
[2021-09-12 04:44:56.100] [exthost] [info] exiting with code 0
[2021-09-12 04:44:56.928] [exthost] [info] extension host started
[2021-09-12 04:44:56.950] [exthost] [info] ExtensionService#_doActivateExtension vscode.microsoft-authentication {"startup":false,"extensionId":{"value":"vscode.microsoft-authentication","_lower":"vscode.microsoft-authentication"},"activationEvent":"onAuthenticationRequest:microsoft"}
[2021-09-12 04:44:56.950] [exthost] [info] ExtensionService#loadCommonJSModule file:///private/var/folders/zn/69qm296d3pqfv6207b8zbx_h0000gn/T/AppTranslocation/007A3D1D-4998-4C70-ABAF-F5D12E456586/d/Visual Studio Code 3.51.21 PM.app/Contents/Resources/app/extensions/microsoft-authentication/dist/extension.js
[2021-09-12 04:44:56.963] [exthost] [info] ExtensionService#_doActivateExtension vscode.debug-auto-launch {"startup":true,"extensionId":{"value":"vscode.debug-auto-launch","_lower":"vscode.debug-auto-launch"},"activationEvent":"*"}
[2021-09-12 04:44:56.963] [exthost] [info] ExtensionService#loadCommonJSModule file:///private/var/folders/zn/69qm296d3pqfv6207b8zbx_h0000gn/T/AppTranslocation/007A3D1D-4998-4C70-ABAF-F5D12E456586/d/Visual Studio Code 3.51.21 PM.app/Contents/Resources/app/extensions/debug-auto-launch/dist/extension
[2021-09-12 04:44:56.967] [exthost] [info] ExtensionService#_doActivateExtension vscode.git {"startup":true,"extensionId":{"value":"vscode.github","_lower":"vscode.github"},"activationEvent":"*"}
[2021-09-12 04:44:56.967] [exthost] [info] ExtensionService#loadCommonJSModule file:///private/var/folders/zn/69qm296d3pqfv6207b8zbx_h0000gn/T/AppTranslocation/007A3D1D-4998-4C70-ABAF-F5D12E456586/d/Visual Studio Code 3.51.21 PM.app/Contents/Resources/app/extensions/git/dist/main
[2021-09-12 04:44:56.977] [exthost] [info] ExtensionService#_doActivateExtension basarat.god {"startup":true,"extensionId":{"value":"basarat.god","_lower":"basarat.god"},"activationEvent":"*"}
[2021-09-12 04:44:56.977] [exthost] [info] ExtensionService#loadCommonJSModule file:///Users/macbookpro/.vscode/extensions/basarat.god-0.0.104/out/extension
[2021-09-12 04:44:57.278] [exthost] [info] ExtensionService#_doActivateExtension CoenraadS.bracket-pair-colorizer {"startup":true,"extensionId":{"value":"CoenraadS.bracket-pair-colorizer","_lower":"coenraads.bracket-pair-colorizer"},"activationEvent":"*"}
[2021-09-12 04:44:57.278] [exthost] [info] ExtensionService#loadCommonJSModule file:///Users/macbookpro/.vscode/extensions/coenraads.bracket-pair-colorizer-1.0.61/out/src/extension
[2021-09-12 04:44:57.290] [exthost] [info] ExtensionService#_doActivateExtension ritwickdey.LiveServer {"startup":true,"extensionId":{"value":"ritwickdey.LiveServer","_lower":"ritwickdey.liveserver"},"activationEvent":"*"}
[2021-09-12 04:44:57.290] [exthost] [info] ExtensionService#loadCommonJSModule file:///Users/macbookpro/.vscode/extensions/ritwickdey.liveserver-5.6.1/out/src/extension
[2021-09-12 04:44:57.628] [exthost] [info] ExtensionService#_doActivateExtension vscode.npm {"startup":true,"extensionId":{"value":"vscode.npm","_lower":"vscode.npm"},"activationEvent":"workspaceContains:package.json"}
[2021-09-12 04:44:57.628] [exthost] [info] ExtensionService#loadCommonJSModule file:///private/var/folders/zn/69qm296d3pqfv6207b8zbx_h0000gn/T/AppTranslocation/007A3D1D-4998-4C70-ABAF-F5D12E456586/d/Visual Studio Code 3.51.21 PM.app/Contents/Resources/app/extensions/npm/dist/npmMain
[2021-09-12 04:44:57.674] [exthost] [info] ExtensionService#_doActivateExtension ms-vscode.js-debug {"startup":false,"extensionId":{"value":"ms-vscode.js-debug","_lower":"ms-vscode.js-debug"},"activationEvent":"onCommand:extension.js-debug.clearAutoAttachVariables"}
[2021-09-12 04:44:57.674] [exthost] [info] ExtensionService#loadCommonJSModule file:///private/var/folders/zn/69qm296d3pqfv6207b8zbx_h0000gn/T/AppTranslocation/007A3D1D-4998-4C70-ABAF-F5D12E456586/d/Visual Studio Code 3.51.21 PM.app/Contents/Resources/app/extensions/ms-vscode.js-debug/src/extension.js
[2021-09-12 04:44:57.761] [exthost] [info] ExtensionService#_doActivateExtension vscode.github-authentication {"startup":false,"extensionId":{"value":"vscode.github-authentication","_lower":"vscode.github-authentication"},"activationEvent":"onAuthenticationRequest:github"}
[2021-09-12 04:44:57.761] [exthost] [info] ExtensionService#loadCommonJSModule file:///private/var/folders/zn/69qm296d3pqfv6207b8zbx_h0000gn/T/AppTranslocation/007A3D1D-4998-4C70-ABAF-F5D12E456586/d/Visual Studio Code 3.51.21 PM.app/Contents/Resources/app/extensions/github-authentication/dist/extension.js
[2021-09-12 04:44:57.808] [exthost] [info] ExtensionService#_doActivateExtension vscode.github {"startup":true,"extensionId":{"value":"vscode.github","_lower":"vscode.github"},"activationEvent":"*"}
[2021-09-12 04:44:57.808] [exthost] [info] ExtensionService#loadCommonJSModule file:///private/var/folders/zn/69qm296d3pqfv6207b8zbx_h0000gn/T/AppTranslocation/007A3D1D-4998-4C70-ABAF-F5D12E456586/d/Visual Studio Code 3.51.21 PM.app/Contents/Resources/app/extensions/github/dist/extension.js
[2021-09-12 04:44:57.817] [exthost] [info] eager extensions activated
[2021-09-12 04:44:57.823] [exthost] [info] ExtensionService#_doActivateExtension vscode.emmet {"startup":false,"extensionId":{"value":"vscode.emmet","_lower":"vscode.emmet"},"activationEvent":"onStartupFinished"}
[2021-09-12 04:44:57.824] [exthost] [info] ExtensionService#loadCommonJSModule file:///private/var/folders/zn/69qm296d3pqfv6207b8zbx_h0000gn/T/AppTranslocation/007A3D1D-4998-4C70-ABAF-F5D12E456586/d/Visual Studio Code 3.51.21 PM.app/Contents/Resources/app/extensions/emmet/dist/node/emmetNodeMain
[2021-09-12 04:44:57.828] [exthost] [info] ExtensionService#_doActivateExtension vscode.merge-conflict {"startup":false,"extensionId":{"value":"vscode.merge-conflict","_lower":"vscode.merge-conflict"},"activationEvent":"onStartupFinished"}
[2021-09-12 04:44:57.828] [exthost] [info] ExtensionService#loadCommonJSModule file:///private/var/folders/zn/69qm296d3pqfv6207b8zbx_h0000gn/T/AppTranslocation/007A3D1D-4998-4C70-ABAF-F5D12E456586/d/Visual Studio Code 3.51.21 PM.app/Contents/Resources/app/extensions/merge-conflict/dist/mergeConflictMain
[2021-09-12 04:44:57.831] [exthost] [info] ExtensionService#_doActivateExtension vscode.testing-editor-contributions {"startup":false,"extensionId":{"value":"vscode.testing-editor-contributions","_lower":"vscode.testing-editor-contributions"},"activationEvent":"onStartupFinished"}
[2021-09-12 04:44:57.832] [exthost] [info] ExtensionService#loadCommonJSModule file:///private/var/folders/zn/69qm296d3pqfv6207b8zbx_h0000gn/T/AppTranslocation/007A3D1D-4998-4C70-ABAF-F5D12E456586/d/Visual Studio Code 3.51.21 PM.app/Contents/Resources/app/extensions/testing-editor-contributions/dist/extension.js
[2021-09-12 04:44:57.833] [exthost] [info] ExtensionService#_doActivateExtension esbenp.prettier-vscode {"startup":false,"extensionId":{"value":"esbenp.prettier-vscode","_lower":"esbenp.prettier-vscode"},"activationEvent":"onStartupFinished"}
[2021-09-12 04:44:57.833] [exthost] [info] ExtensionService#loadCommonJSModule file:///Users/macbookpro/.vscode/extensions/esbenp.prettier-vscode-7.1.1/dist/extension
[2021-09-12 04:44:57.870] [exthost] [info] ExtensionService#_doActivateExtension formulahendry.code-runner {"startup":false,"extensionId":{"value":"formulahendry.code-runner","_lower":"formulahendry.code-runner"},"activationEvent":"onStartupFinished"}
[2021-09-12 04:44:57.870] [exthost] [info] ExtensionService#loadCommonJSModule file:///Users/macbookpro/.vscode/extensions/formulahendry.code-runner-0.11.3/out/src/extension
[2021-09-12 04:44:57.900] [exthost] [info] ExtensionService#_doActivateExtension ms-vscode-remote.remote-containers {"startup":false,"extensionId":{"value":"ms-vscode-remote.remote-containers","_lower":"ms-vscode-remote.remote-containers"},"activationEvent":"onStartupFinished"}
[2021-09-12 04:44:57.900] [exthost] [info] ExtensionService#loadCommonJSModule file:///Users/macbookpro/.vscode/extensions/ms-vscode-remote.remote-containers-0.163.2/dist/extension/extension
[2021-09-12 04:44:58.083] [exthost] [warning] [Decorations] CAPPING events from decorations provider vscode.git 1075
[2021-09-12 04:44:59.904] [exthost] [warning] [Decorations] CAPPING events from decorations provider vscode.git 1075
[2021-09-12 04:45:20.130] [exthost] [warning] [Decorations] CAPPING events from decorations provider vscode.git 1075
[2021-09-12 04:57:59.678] [exthost] [warning] [Decorations] CAPPING events from decorations provider vscode.git 1075
[2021-09-12 04:58:19.163] [exthost] [warning] [Decorations] CAPPING events from decorations provider vscode.git 1075
[2021-09-12 05:07:50.367] [exthost] [warning] [Decorations] CAPPING events from decorations provider vscode.git 1075
[2021-09-12 05:07:59.163] [exthost] [warning] [Decorations] CAPPING events from decorations provider vscode.git 1075
[2021-09-12 05:08:04.295] [exthost] [warning] [Decorations] CAPPING events from decorations provider vscode.git 1075
[2021-09-12 05:08:21.601] [exthost] [warning] [Decorations] CAPPING events from decorations provider vscode.git 1075
[2021-09-12 05:09:00.988] [exthost] [info] ExtensionService#_doActivateExtension vscode.extension-editing {"startup":false,"extensionId":{"value":"vscode.extension-editing","_lower":"vscode.extension-editing"},"activationEvent":"onLanguage:typescript"}
[2021-09-12 05:09:00.989] [exthost] [info] ExtensionService#loadCommonJSModule file:///private/var/folders/zn/69qm296d3pqfv6207b8zbx_h0000gn/T/AppTranslocation/007A3D1D-4998-4C70-ABAF-F5D12E456586/d/Visual Studio Code 3.51.21 PM.app/Contents/Resources/app/extensions/extension-editing/dist/extensionEditingMain
[2021-09-12 05:09:01.004] [exthost] [info] ExtensionService#_doActivateExtension vscode.typescript-language-features {"startup":false,"extensionId":{"value":"vscode.typescript-language-features","_lower":"vscode.typescript-language-features"},"activationEvent":"onLanguage:typescript"}
[2021-09-12 05:09:01.004] [exthost] [info] ExtensionService#loadCommonJSModule file:///private/var/folders/zn/69qm296d3pqfv6207b8zbx_h0000gn/T/AppTranslocation/007A3D1D-4998-4C70-ABAF-F5D12E456586/d/Visual Studio Code 3.51.21 PM.app/Contents/Resources/app/extensions/typescript-language-features/dist/extension
[2021-09-12 05:09:01.021] [exthost] [info] ExtensionService#_doActivateExtension ericglau.defi-ls {"startup":false,"extensionId":{"value":"ericglau.defi-ls","_lower":"ericglau.defi-ls"},"activationEvent":"onLanguage:typescript"}
[2021-09-12 05:09:01.021] [exthost] [info] ExtensionService#loadCommonJSModule file:///Users/macbookpro/.vscode/extensions/ericglau.defi-ls-0.0.4/client/out/extension
[2021-09-12 05:09:02.844] [exthost] [warning] [Decorations] CAPPING events from decorations provider vscode.git 1077
[2021-09-12 05:09:07.606] [exthost] [info] ExtensionService#_doActivateExtension vscode.configuration-editing {"startup":false,"extensionId":{"value":"vscode.configuration-editing","_lower":"vscode.configuration-editing"},"activationEvent":"onLanguage:jsonc"}
[2021-09-12 05:09:07.606] [exthost] [info] ExtensionService#loadCommonJSModule file:///private/var/folders/zn/69qm296d3pqfv6207b8zbx_h0000gn/T/AppTranslocation/007A3D1D-4998-4C70-ABAF-F5D12E456586/d/Visual Studio Code 3.51.21 PM.app/Contents/Resources/app/extensions/configuration-editing/dist/configurationEditingMain
[2021-09-12 05:09:07.611] [exthost] [info] ExtensionService#_doActivateExtension vscode.json-language-features {"startup":false,"extensionId":{"value":"vscode.json-language-features","_lower":"vscode.json-language-features"},"activationEvent":"onLanguage:jsonc"}
[2021-09-12 05:09:07.611] [exthost] [info] ExtensionService#loadCommonJSModule file:///private/var/folders/zn/69qm296d3pqfv6207b8zbx_h0000gn/T/AppTranslocation/007A3D1D-4998-4C70-ABAF-F5D12E456586/d/Visual Studio Code 3.51.21 PM.app/Contents/Resources/app/extensions/json-language-features/client/dist/node/jsonClientMain
[2021-09-12 05:09:08.015] [exthost] [warning] [Decorations] CAPPING events from decorations provider vscode.git 1077
[2021-09-12 05:10:04.388] [exthost] [warning] [Decorations] CAPPING events from decorations provider vscode.git 1078
[2021-09-12 05:10:10.578] [exthost] [warning] [Decorations] CAPPING events from decorations provider vscode.git 1078
[2021-09-12 05:10:31.131] [exthost] [warning] [Decorations] CAPPING events from decorations provider vscode.git 1078
[2021-09-12 05:10:37.418] [exthost] [warning] [Decorations] CAPPING events from decorations provider vscode.git 1078
[2021-09-12 05:15:05.089] [exthost] [warning] [Decorations] CAPPING events from decorations provider vscode.git 1079
[2021-09-12 05:15:10.205] [exthost] [warning] [Decorations] CAPPING events from decorations provider vscode.git 1079
[2021-09-12 05:15:17.932] [exthost] [warning] [Decorations] CAPPING events from decorations provider vscode.git 1080
[2021-09-12 05:15:23.061] [exthost] [warning] [Decorations] CAPPING events from decorations provider vscode.git 1082
[2021-09-12 05:15:28.178] [exthost] [warning] [Decorations] CAPPING events from decorations provider vscode.git 1082
[2021-09-12 05:16:04.076] [exthost] [warning] [Decorations] CAPPING events from decorations provider vscode.git 1082
[2021-09-12 05:16:31.763] [exthost] [warning] [Decorations] CAPPING events from decorations provider vscode.git 1082
[2021-09-12 05:17:18.006] [exthost] [warning] [Decorations] CAPPING events from decorations provider vscode.git 1083
[2021-09-12 05:17:23.117] [exthost] [warning] [Decorations] CAPPING events from decorations provider vscode.git 1083
[2021-09-12 05:17:42.715] [exthost] [warning] [Decorations] CAPPING events from decorations provider vscode.git 1082
[2021-09-12 05:17:56.671] [exthost] [warning] [Decorations] CAPPING events from decorations provider vscode.git 1083
[2021-09-12 05:18:01.782] [exthost] [warning] [Decorations] CAPPING events from decorations provider vscode.git 1083
[2021-09-12 05:18:06.898] [exthost] [warning] [Decorations] CAPPING events from decorations provider vscode.git 1083
[2021-09-12 05:18:20.411] [exthost] [warning] [Decorations] CAPPING events from decorations provider vscode.git 1084
[2021-09-12 05:18:32.169] [exthost] [warning] [Decorations] CAPPING events from decorations provider vscode.git 1083
[2021-09-12 05:19:20.562] [exthost] [info] extension host terminating: received terminate message from renderer
[2021-09-12 05:19:21.580] [exthost] [info] exiting with code 0
