[2021-09-12 04:03:06.542] [exthost] [info] extension host started
[2021-09-12 04:03:06.578] [exthost] [info] ExtensionService#_doActivateExtension vscode.microsoft-authentication {"startup":false,"extensionId":{"value":"vscode.microsoft-authentication","_lower":"vscode.microsoft-authentication"},"activationEvent":"onAuthenticationRequest:microsoft"}
[2021-09-12 04:03:06.578] [exthost] [info] ExtensionService#loadCommonJSModule file:///private/var/folders/zn/69qm296d3pqfv6207b8zbx_h0000gn/T/AppTranslocation/007A3D1D-4998-4C70-ABAF-F5D12E456586/d/Visual Studio Code 3.51.21 PM.app/Contents/Resources/app/extensions/microsoft-authentication/dist/extension.js
[2021-09-12 04:03:06.592] [exthost] [info] ExtensionService#_doActivateExtension vscode.debug-auto-launch {"startup":true,"extensionId":{"value":"vscode.debug-auto-launch","_lower":"vscode.debug-auto-launch"},"activationEvent":"*"}
[2021-09-12 04:03:06.592] [exthost] [info] ExtensionService#loadCommonJSModule file:///private/var/folders/zn/69qm296d3pqfv6207b8zbx_h0000gn/T/AppTranslocation/007A3D1D-4998-4C70-ABAF-F5D12E456586/d/Visual Studio Code 3.51.21 PM.app/Contents/Resources/app/extensions/debug-auto-launch/dist/extension
[2021-09-12 04:03:06.595] [exthost] [info] ExtensionService#_doActivateExtension vscode.git {"startup":true,"extensionId":{"value":"vscode.github","_lower":"vscode.github"},"activationEvent":"*"}
[2021-09-12 04:03:06.595] [exthost] [info] ExtensionService#loadCommonJSModule file:///private/var/folders/zn/69qm296d3pqfv6207b8zbx_h0000gn/T/AppTranslocation/007A3D1D-4998-4C70-ABAF-F5D12E456586/d/Visual Studio Code 3.51.21 PM.app/Contents/Resources/app/extensions/git/dist/main
[2021-09-12 04:03:06.606] [exthost] [info] ExtensionService#_doActivateExtension basarat.god {"startup":true,"extensionId":{"value":"basarat.god","_lower":"basarat.god"},"activationEvent":"*"}
[2021-09-12 04:03:06.606] [exthost] [info] ExtensionService#loadCommonJSModule file:///Users/macbookpro/.vscode/extensions/basarat.god-0.0.104/out/extension
[2021-09-12 04:03:06.949] [exthost] [info] ExtensionService#_doActivateExtension CoenraadS.bracket-pair-colorizer {"startup":true,"extensionId":{"value":"CoenraadS.bracket-pair-colorizer","_lower":"coenraads.bracket-pair-colorizer"},"activationEvent":"*"}
[2021-09-12 04:03:06.949] [exthost] [info] ExtensionService#loadCommonJSModule file:///Users/macbookpro/.vscode/extensions/coenraads.bracket-pair-colorizer-1.0.61/out/src/extension
[2021-09-12 04:03:06.966] [exthost] [info] ExtensionService#_doActivateExtension ritwickdey.LiveServer {"startup":true,"extensionId":{"value":"ritwickdey.LiveServer","_lower":"ritwickdey.liveserver"},"activationEvent":"*"}
[2021-09-12 04:03:06.966] [exthost] [info] ExtensionService#loadCommonJSModule file:///Users/macbookpro/.vscode/extensions/ritwickdey.liveserver-5.6.1/out/src/extension
[2021-09-12 04:03:07.419] [exthost] [info] ExtensionService#_doActivateExtension ms-vscode.js-debug {"startup":false,"extensionId":{"value":"ms-vscode.js-debug","_lower":"ms-vscode.js-debug"},"activationEvent":"onCommand:extension.js-debug.clearAutoAttachVariables"}
[2021-09-12 04:03:07.419] [exthost] [info] ExtensionService#loadCommonJSModule file:///private/var/folders/zn/69qm296d3pqfv6207b8zbx_h0000gn/T/AppTranslocation/007A3D1D-4998-4C70-ABAF-F5D12E456586/d/Visual Studio Code 3.51.21 PM.app/Contents/Resources/app/extensions/ms-vscode.js-debug/src/extension.js
[2021-09-12 04:03:07.597] [exthost] [info] ExtensionService#_doActivateExtension vscode.github-authentication {"startup":false,"extensionId":{"value":"vscode.github-authentication","_lower":"vscode.github-authentication"},"activationEvent":"onAuthenticationRequest:github"}
[2021-09-12 04:03:07.597] [exthost] [info] ExtensionService#loadCommonJSModule file:///private/var/folders/zn/69qm296d3pqfv6207b8zbx_h0000gn/T/AppTranslocation/007A3D1D-4998-4C70-ABAF-F5D12E456586/d/Visual Studio Code 3.51.21 PM.app/Contents/Resources/app/extensions/github-authentication/dist/extension.js
[2021-09-12 04:03:07.615] [exthost] [info] ExtensionService#_doActivateExtension vscode.github {"startup":true,"extensionId":{"value":"vscode.github","_lower":"vscode.github"},"activationEvent":"*"}
[2021-09-12 04:03:07.615] [exthost] [info] ExtensionService#loadCommonJSModule file:///private/var/folders/zn/69qm296d3pqfv6207b8zbx_h0000gn/T/AppTranslocation/007A3D1D-4998-4C70-ABAF-F5D12E456586/d/Visual Studio Code 3.51.21 PM.app/Contents/Resources/app/extensions/github/dist/extension.js
[2021-09-12 04:03:07.626] [exthost] [info] eager extensions activated
[2021-09-12 04:03:07.628] [exthost] [info] ExtensionService#_doActivateExtension vscode.emmet {"startup":false,"extensionId":{"value":"vscode.emmet","_lower":"vscode.emmet"},"activationEvent":"onStartupFinished"}
[2021-09-12 04:03:07.628] [exthost] [info] ExtensionService#loadCommonJSModule file:///private/var/folders/zn/69qm296d3pqfv6207b8zbx_h0000gn/T/AppTranslocation/007A3D1D-4998-4C70-ABAF-F5D12E456586/d/Visual Studio Code 3.51.21 PM.app/Contents/Resources/app/extensions/emmet/dist/node/emmetNodeMain
[2021-09-12 04:03:07.640] [exthost] [info] ExtensionService#_doActivateExtension vscode.merge-conflict {"startup":false,"extensionId":{"value":"vscode.merge-conflict","_lower":"vscode.merge-conflict"},"activationEvent":"onStartupFinished"}
[2021-09-12 04:03:07.641] [exthost] [info] ExtensionService#loadCommonJSModule file:///private/var/folders/zn/69qm296d3pqfv6207b8zbx_h0000gn/T/AppTranslocation/007A3D1D-4998-4C70-ABAF-F5D12E456586/d/Visual Studio Code 3.51.21 PM.app/Contents/Resources/app/extensions/merge-conflict/dist/mergeConflictMain
[2021-09-12 04:03:07.644] [exthost] [info] ExtensionService#_doActivateExtension vscode.testing-editor-contributions {"startup":false,"extensionId":{"value":"vscode.testing-editor-contributions","_lower":"vscode.testing-editor-contributions"},"activationEvent":"onStartupFinished"}
[2021-09-12 04:03:07.644] [exthost] [info] ExtensionService#loadCommonJSModule file:///private/var/folders/zn/69qm296d3pqfv6207b8zbx_h0000gn/T/AppTranslocation/007A3D1D-4998-4C70-ABAF-F5D12E456586/d/Visual Studio Code 3.51.21 PM.app/Contents/Resources/app/extensions/testing-editor-contributions/dist/extension.js
[2021-09-12 04:03:07.646] [exthost] [info] ExtensionService#_doActivateExtension esbenp.prettier-vscode {"startup":false,"extensionId":{"value":"esbenp.prettier-vscode","_lower":"esbenp.prettier-vscode"},"activationEvent":"onStartupFinished"}
[2021-09-12 04:03:07.646] [exthost] [info] ExtensionService#loadCommonJSModule file:///Users/macbookpro/.vscode/extensions/esbenp.prettier-vscode-7.1.1/dist/extension
[2021-09-12 04:03:07.767] [exthost] [info] ExtensionService#_doActivateExtension formulahendry.code-runner {"startup":false,"extensionId":{"value":"formulahendry.code-runner","_lower":"formulahendry.code-runner"},"activationEvent":"onStartupFinished"}
[2021-09-12 04:03:07.767] [exthost] [info] ExtensionService#loadCommonJSModule file:///Users/macbookpro/.vscode/extensions/formulahendry.code-runner-0.11.3/out/src/extension
[2021-09-12 04:03:07.820] [exthost] [info] ExtensionService#_doActivateExtension ms-vscode-remote.remote-containers {"startup":false,"extensionId":{"value":"ms-vscode-remote.remote-containers","_lower":"ms-vscode-remote.remote-containers"},"activationEvent":"onStartupFinished"}
[2021-09-12 04:03:07.820] [exthost] [info] ExtensionService#loadCommonJSModule file:///Users/macbookpro/.vscode/extensions/ms-vscode-remote.remote-containers-0.163.2/dist/extension/extension
[2021-09-12 04:04:56.218] [exthost] [info] extension host terminating: received terminate message from renderer
[2021-09-12 04:04:57.226] [exthost] [info] exiting with code 0
[2021-09-12 04:04:57.697] [exthost] [info] extension host started
[2021-09-12 04:04:57.718] [exthost] [info] ExtensionService#_doActivateExtension vscode.microsoft-authentication {"startup":false,"extensionId":{"value":"vscode.microsoft-authentication","_lower":"vscode.microsoft-authentication"},"activationEvent":"onAuthenticationRequest:microsoft"}
[2021-09-12 04:04:57.718] [exthost] [info] ExtensionService#loadCommonJSModule file:///private/var/folders/zn/69qm296d3pqfv6207b8zbx_h0000gn/T/AppTranslocation/007A3D1D-4998-4C70-ABAF-F5D12E456586/d/Visual Studio Code 3.51.21 PM.app/Contents/Resources/app/extensions/microsoft-authentication/dist/extension.js
[2021-09-12 04:04:57.731] [exthost] [info] ExtensionService#_doActivateExtension vscode.debug-auto-launch {"startup":true,"extensionId":{"value":"vscode.debug-auto-launch","_lower":"vscode.debug-auto-launch"},"activationEvent":"*"}
[2021-09-12 04:04:57.731] [exthost] [info] ExtensionService#loadCommonJSModule file:///private/var/folders/zn/69qm296d3pqfv6207b8zbx_h0000gn/T/AppTranslocation/007A3D1D-4998-4C70-ABAF-F5D12E456586/d/Visual Studio Code 3.51.21 PM.app/Contents/Resources/app/extensions/debug-auto-launch/dist/extension
[2021-09-12 04:04:57.734] [exthost] [info] ExtensionService#_doActivateExtension vscode.git {"startup":true,"extensionId":{"value":"vscode.github","_lower":"vscode.github"},"activationEvent":"*"}
[2021-09-12 04:04:57.734] [exthost] [info] ExtensionService#loadCommonJSModule file:///private/var/folders/zn/69qm296d3pqfv6207b8zbx_h0000gn/T/AppTranslocation/007A3D1D-4998-4C70-ABAF-F5D12E456586/d/Visual Studio Code 3.51.21 PM.app/Contents/Resources/app/extensions/git/dist/main
[2021-09-12 04:04:57.747] [exthost] [info] ExtensionService#_doActivateExtension basarat.god {"startup":true,"extensionId":{"value":"basarat.god","_lower":"basarat.god"},"activationEvent":"*"}
[2021-09-12 04:04:57.747] [exthost] [info] ExtensionService#loadCommonJSModule file:///Users/macbookpro/.vscode/extensions/basarat.god-0.0.104/out/extension
[2021-09-12 04:04:58.041] [exthost] [info] ExtensionService#_doActivateExtension CoenraadS.bracket-pair-colorizer {"startup":true,"extensionId":{"value":"CoenraadS.bracket-pair-colorizer","_lower":"coenraads.bracket-pair-colorizer"},"activationEvent":"*"}
[2021-09-12 04:04:58.041] [exthost] [info] ExtensionService#loadCommonJSModule file:///Users/macbookpro/.vscode/extensions/coenraads.bracket-pair-colorizer-1.0.61/out/src/extension
[2021-09-12 04:04:58.052] [exthost] [info] ExtensionService#_doActivateExtension ritwickdey.LiveServer {"startup":true,"extensionId":{"value":"ritwickdey.LiveServer","_lower":"ritwickdey.liveserver"},"activationEvent":"*"}
[2021-09-12 04:04:58.052] [exthost] [info] ExtensionService#loadCommonJSModule file:///Users/macbookpro/.vscode/extensions/ritwickdey.liveserver-5.6.1/out/src/extension
[2021-09-12 04:04:58.429] [exthost] [info] ExtensionService#_doActivateExtension vscode.npm {"startup":true,"extensionId":{"value":"vscode.npm","_lower":"vscode.npm"},"activationEvent":"workspaceContains:package.json"}
[2021-09-12 04:04:58.429] [exthost] [info] ExtensionService#loadCommonJSModule file:///private/var/folders/zn/69qm296d3pqfv6207b8zbx_h0000gn/T/AppTranslocation/007A3D1D-4998-4C70-ABAF-F5D12E456586/d/Visual Studio Code 3.51.21 PM.app/Contents/Resources/app/extensions/npm/dist/npmMain
[2021-09-12 04:04:58.486] [exthost] [info] ExtensionService#_doActivateExtension ms-vscode.js-debug {"startup":false,"extensionId":{"value":"ms-vscode.js-debug","_lower":"ms-vscode.js-debug"},"activationEvent":"onCommand:extension.js-debug.clearAutoAttachVariables"}
[2021-09-12 04:04:58.486] [exthost] [info] ExtensionService#loadCommonJSModule file:///private/var/folders/zn/69qm296d3pqfv6207b8zbx_h0000gn/T/AppTranslocation/007A3D1D-4998-4C70-ABAF-F5D12E456586/d/Visual Studio Code 3.51.21 PM.app/Contents/Resources/app/extensions/ms-vscode.js-debug/src/extension.js
[2021-09-12 04:04:58.590] [exthost] [info] ExtensionService#_doActivateExtension vscode.github-authentication {"startup":false,"extensionId":{"value":"vscode.github-authentication","_lower":"vscode.github-authentication"},"activationEvent":"onAuthenticationRequest:github"}
[2021-09-12 04:04:58.590] [exthost] [info] ExtensionService#loadCommonJSModule file:///private/var/folders/zn/69qm296d3pqfv6207b8zbx_h0000gn/T/AppTranslocation/007A3D1D-4998-4C70-ABAF-F5D12E456586/d/Visual Studio Code 3.51.21 PM.app/Contents/Resources/app/extensions/github-authentication/dist/extension.js
[2021-09-12 04:04:58.605] [exthost] [info] ExtensionService#_doActivateExtension vscode.github {"startup":true,"extensionId":{"value":"vscode.github","_lower":"vscode.github"},"activationEvent":"*"}
[2021-09-12 04:04:58.605] [exthost] [info] ExtensionService#loadCommonJSModule file:///private/var/folders/zn/69qm296d3pqfv6207b8zbx_h0000gn/T/AppTranslocation/007A3D1D-4998-4C70-ABAF-F5D12E456586/d/Visual Studio Code 3.51.21 PM.app/Contents/Resources/app/extensions/github/dist/extension.js
[2021-09-12 04:04:58.611] [exthost] [info] eager extensions activated
[2021-09-12 04:04:58.617] [exthost] [info] ExtensionService#_doActivateExtension vscode.emmet {"startup":false,"extensionId":{"value":"vscode.emmet","_lower":"vscode.emmet"},"activationEvent":"onStartupFinished"}
[2021-09-12 04:04:58.617] [exthost] [info] ExtensionService#loadCommonJSModule file:///private/var/folders/zn/69qm296d3pqfv6207b8zbx_h0000gn/T/AppTranslocation/007A3D1D-4998-4C70-ABAF-F5D12E456586/d/Visual Studio Code 3.51.21 PM.app/Contents/Resources/app/extensions/emmet/dist/node/emmetNodeMain
[2021-09-12 04:04:58.622] [exthost] [info] ExtensionService#_doActivateExtension vscode.merge-conflict {"startup":false,"extensionId":{"value":"vscode.merge-conflict","_lower":"vscode.merge-conflict"},"activationEvent":"onStartupFinished"}
[2021-09-12 04:04:58.622] [exthost] [info] ExtensionService#loadCommonJSModule file:///private/var/folders/zn/69qm296d3pqfv6207b8zbx_h0000gn/T/AppTranslocation/007A3D1D-4998-4C70-ABAF-F5D12E456586/d/Visual Studio Code 3.51.21 PM.app/Contents/Resources/app/extensions/merge-conflict/dist/mergeConflictMain
[2021-09-12 04:04:58.624] [exthost] [info] ExtensionService#_doActivateExtension vscode.testing-editor-contributions {"startup":false,"extensionId":{"value":"vscode.testing-editor-contributions","_lower":"vscode.testing-editor-contributions"},"activationEvent":"onStartupFinished"}
[2021-09-12 04:04:58.625] [exthost] [info] ExtensionService#loadCommonJSModule file:///private/var/folders/zn/69qm296d3pqfv6207b8zbx_h0000gn/T/AppTranslocation/007A3D1D-4998-4C70-ABAF-F5D12E456586/d/Visual Studio Code 3.51.21 PM.app/Contents/Resources/app/extensions/testing-editor-contributions/dist/extension.js
[2021-09-12 04:04:58.626] [exthost] [info] ExtensionService#_doActivateExtension esbenp.prettier-vscode {"startup":false,"extensionId":{"value":"esbenp.prettier-vscode","_lower":"esbenp.prettier-vscode"},"activationEvent":"onStartupFinished"}
[2021-09-12 04:04:58.626] [exthost] [info] ExtensionService#loadCommonJSModule file:///Users/macbookpro/.vscode/extensions/esbenp.prettier-vscode-7.1.1/dist/extension
[2021-09-12 04:04:58.672] [exthost] [info] ExtensionService#_doActivateExtension formulahendry.code-runner {"startup":false,"extensionId":{"value":"formulahendry.code-runner","_lower":"formulahendry.code-runner"},"activationEvent":"onStartupFinished"}
[2021-09-12 04:04:58.672] [exthost] [info] ExtensionService#loadCommonJSModule file:///Users/macbookpro/.vscode/extensions/formulahendry.code-runner-0.11.3/out/src/extension
[2021-09-12 04:04:58.706] [exthost] [info] ExtensionService#_doActivateExtension ms-vscode-remote.remote-containers {"startup":false,"extensionId":{"value":"ms-vscode-remote.remote-containers","_lower":"ms-vscode-remote.remote-containers"},"activationEvent":"onStartupFinished"}
[2021-09-12 04:04:58.707] [exthost] [info] ExtensionService#loadCommonJSModule file:///Users/macbookpro/.vscode/extensions/ms-vscode-remote.remote-containers-0.163.2/dist/extension/extension
[2021-09-12 04:04:58.920] [exthost] [warning] [Decorations] CAPPING events from decorations provider vscode.git 925
[2021-09-12 04:05:00.825] [exthost] [warning] [Decorations] CAPPING events from decorations provider vscode.git 925
[2021-09-12 04:05:04.103] [exthost] [info] ExtensionService#_doActivateExtension vscode.extension-editing {"startup":false,"extensionId":{"value":"vscode.extension-editing","_lower":"vscode.extension-editing"},"activationEvent":"onLanguage:typescript"}
[2021-09-12 04:05:04.103] [exthost] [info] ExtensionService#loadCommonJSModule file:///private/var/folders/zn/69qm296d3pqfv6207b8zbx_h0000gn/T/AppTranslocation/007A3D1D-4998-4C70-ABAF-F5D12E456586/d/Visual Studio Code 3.51.21 PM.app/Contents/Resources/app/extensions/extension-editing/dist/extensionEditingMain
[2021-09-12 04:05:04.130] [exthost] [info] ExtensionService#_doActivateExtension vscode.typescript-language-features {"startup":false,"extensionId":{"value":"vscode.typescript-language-features","_lower":"vscode.typescript-language-features"},"activationEvent":"onLanguage:typescript"}
[2021-09-12 04:05:04.130] [exthost] [info] ExtensionService#loadCommonJSModule file:///private/var/folders/zn/69qm296d3pqfv6207b8zbx_h0000gn/T/AppTranslocation/007A3D1D-4998-4C70-ABAF-F5D12E456586/d/Visual Studio Code 3.51.21 PM.app/Contents/Resources/app/extensions/typescript-language-features/dist/extension
[2021-09-12 04:05:04.164] [exthost] [info] ExtensionService#_doActivateExtension ericglau.defi-ls {"startup":false,"extensionId":{"value":"ericglau.defi-ls","_lower":"ericglau.defi-ls"},"activationEvent":"onLanguage:typescript"}
[2021-09-12 04:05:04.164] [exthost] [info] ExtensionService#loadCommonJSModule file:///Users/macbookpro/.vscode/extensions/ericglau.defi-ls-0.0.4/client/out/extension
[2021-09-12 04:05:10.596] [exthost] [info] ExtensionService#_doActivateExtension vscode.configuration-editing {"startup":false,"extensionId":{"value":"vscode.configuration-editing","_lower":"vscode.configuration-editing"},"activationEvent":"onLanguage:jsonc"}
[2021-09-12 04:05:10.596] [exthost] [info] ExtensionService#loadCommonJSModule file:///private/var/folders/zn/69qm296d3pqfv6207b8zbx_h0000gn/T/AppTranslocation/007A3D1D-4998-4C70-ABAF-F5D12E456586/d/Visual Studio Code 3.51.21 PM.app/Contents/Resources/app/extensions/configuration-editing/dist/configurationEditingMain
[2021-09-12 04:05:10.601] [exthost] [info] ExtensionService#_doActivateExtension vscode.json-language-features {"startup":false,"extensionId":{"value":"vscode.json-language-features","_lower":"vscode.json-language-features"},"activationEvent":"onLanguage:jsonc"}
[2021-09-12 04:05:10.601] [exthost] [info] ExtensionService#loadCommonJSModule file:///private/var/folders/zn/69qm296d3pqfv6207b8zbx_h0000gn/T/AppTranslocation/007A3D1D-4998-4C70-ABAF-F5D12E456586/d/Visual Studio Code 3.51.21 PM.app/Contents/Resources/app/extensions/json-language-features/client/dist/node/jsonClientMain
[2021-09-12 04:05:19.537] [exthost] [warning] [Decorations] CAPPING events from decorations provider vscode.git 1030
[2021-09-12 04:05:24.652] [exthost] [warning] [Decorations] CAPPING events from decorations provider vscode.git 1033
[2021-09-12 04:05:29.777] [exthost] [warning] [Decorations] CAPPING events from decorations provider vscode.git 1033
[2021-09-12 04:06:05.921] [exthost] [warning] [Decorations] CAPPING events from decorations provider vscode.git 1033
[2021-09-12 04:08:09.100] [exthost] [warning] [Decorations] CAPPING events from decorations provider vscode.git 1033
[2021-09-12 04:08:26.891] [exthost] [warning] [Decorations] CAPPING events from decorations provider vscode.git 1033
[2021-09-12 04:10:59.248] [exthost] [warning] [Decorations] CAPPING events from decorations provider vscode.git 1033
[2021-09-12 04:11:04.408] [exthost] [warning] [Decorations] CAPPING events from decorations provider vscode.git 1033
[2021-09-12 04:11:53.251] [exthost] [warning] [Decorations] CAPPING events from decorations provider vscode.git 1033
[2021-09-12 04:11:58.392] [exthost] [warning] [Decorations] CAPPING events from decorations provider vscode.git 1033
[2021-09-12 04:12:22.683] [exthost] [warning] [Decorations] CAPPING events from decorations provider vscode.git 1033
[2021-09-12 04:12:27.798] [exthost] [warning] [Decorations] CAPPING events from decorations provider vscode.git 1033
[2021-09-12 04:12:32.915] [exthost] [warning] [Decorations] CAPPING events from decorations provider vscode.git 1034
[2021-09-12 04:12:51.976] [exthost] [warning] [Decorations] CAPPING events from decorations provider vscode.git 1034
[2021-09-12 04:12:57.119] [exthost] [warning] [Decorations] CAPPING events from decorations provider vscode.git 1034
[2021-09-12 04:13:23.091] [exthost] [info] extension host terminating: received terminate message from renderer
[2021-09-12 04:13:24.108] [exthost] [info] exiting with code 0
