[2021-09-12 03:58:04.593] [exthost] [info] extension host started
[2021-09-12 03:58:04.671] [exthost] [info] ExtensionService#_doActivateExtension vscode.microsoft-authentication {"startup":false,"extensionId":{"value":"vscode.microsoft-authentication","_lower":"vscode.microsoft-authentication"},"activationEvent":"onAuthenticationRequest:microsoft"}
[2021-09-12 03:58:04.671] [exthost] [info] ExtensionService#loadCommonJSModule file:///private/var/folders/zn/69qm296d3pqfv6207b8zbx_h0000gn/T/AppTranslocation/007A3D1D-4998-4C70-ABAF-F5D12E456586/d/Visual Studio Code 3.51.21 PM.app/Contents/Resources/app/extensions/microsoft-authentication/dist/extension.js
[2021-09-12 03:58:04.688] [exthost] [info] ExtensionService#_doActivateExtension vscode.debug-auto-launch {"startup":true,"extensionId":{"value":"vscode.debug-auto-launch","_lower":"vscode.debug-auto-launch"},"activationEvent":"*"}
[2021-09-12 03:58:04.688] [exthost] [info] ExtensionService#loadCommonJSModule file:///private/var/folders/zn/69qm296d3pqfv6207b8zbx_h0000gn/T/AppTranslocation/007A3D1D-4998-4C70-ABAF-F5D12E456586/d/Visual Studio Code 3.51.21 PM.app/Contents/Resources/app/extensions/debug-auto-launch/dist/extension
[2021-09-12 03:58:04.692] [exthost] [info] ExtensionService#_doActivateExtension vscode.git {"startup":true,"extensionId":{"value":"vscode.github","_lower":"vscode.github"},"activationEvent":"*"}
[2021-09-12 03:58:04.692] [exthost] [info] ExtensionService#loadCommonJSModule file:///private/var/folders/zn/69qm296d3pqfv6207b8zbx_h0000gn/T/AppTranslocation/007A3D1D-4998-4C70-ABAF-F5D12E456586/d/Visual Studio Code 3.51.21 PM.app/Contents/Resources/app/extensions/git/dist/main
[2021-09-12 03:58:04.753] [exthost] [info] ExtensionService#_doActivateExtension basarat.god {"startup":true,"extensionId":{"value":"basarat.god","_lower":"basarat.god"},"activationEvent":"*"}
[2021-09-12 03:58:04.753] [exthost] [info] ExtensionService#loadCommonJSModule file:///Users/macbookpro/.vscode/extensions/basarat.god-0.0.104/out/extension
[2021-09-12 03:58:05.207] [exthost] [info] ExtensionService#_doActivateExtension CoenraadS.bracket-pair-colorizer {"startup":true,"extensionId":{"value":"CoenraadS.bracket-pair-colorizer","_lower":"coenraads.bracket-pair-colorizer"},"activationEvent":"*"}
[2021-09-12 03:58:05.208] [exthost] [info] ExtensionService#loadCommonJSModule file:///Users/macbookpro/.vscode/extensions/coenraads.bracket-pair-colorizer-1.0.61/out/src/extension
[2021-09-12 03:58:05.224] [exthost] [info] ExtensionService#_doActivateExtension ritwickdey.LiveServer {"startup":true,"extensionId":{"value":"ritwickdey.LiveServer","_lower":"ritwickdey.liveserver"},"activationEvent":"*"}
[2021-09-12 03:58:05.224] [exthost] [info] ExtensionService#loadCommonJSModule file:///Users/macbookpro/.vscode/extensions/ritwickdey.liveserver-5.6.1/out/src/extension
[2021-09-12 03:58:05.678] [exthost] [info] ExtensionService#_doActivateExtension ms-vscode.js-debug {"startup":false,"extensionId":{"value":"ms-vscode.js-debug","_lower":"ms-vscode.js-debug"},"activationEvent":"onCommand:extension.js-debug.clearAutoAttachVariables"}
[2021-09-12 03:58:05.678] [exthost] [info] ExtensionService#loadCommonJSModule file:///private/var/folders/zn/69qm296d3pqfv6207b8zbx_h0000gn/T/AppTranslocation/007A3D1D-4998-4C70-ABAF-F5D12E456586/d/Visual Studio Code 3.51.21 PM.app/Contents/Resources/app/extensions/ms-vscode.js-debug/src/extension.js
[2021-09-12 03:58:05.877] [exthost] [info] ExtensionService#_doActivateExtension vscode.github-authentication {"startup":false,"extensionId":{"value":"vscode.github-authentication","_lower":"vscode.github-authentication"},"activationEvent":"onAuthenticationRequest:github"}
[2021-09-12 03:58:05.878] [exthost] [info] ExtensionService#loadCommonJSModule file:///private/var/folders/zn/69qm296d3pqfv6207b8zbx_h0000gn/T/AppTranslocation/007A3D1D-4998-4C70-ABAF-F5D12E456586/d/Visual Studio Code 3.51.21 PM.app/Contents/Resources/app/extensions/github-authentication/dist/extension.js
[2021-09-12 03:58:05.897] [exthost] [info] ExtensionService#_doActivateExtension vscode.github {"startup":true,"extensionId":{"value":"vscode.github","_lower":"vscode.github"},"activationEvent":"*"}
[2021-09-12 03:58:05.897] [exthost] [info] ExtensionService#loadCommonJSModule file:///private/var/folders/zn/69qm296d3pqfv6207b8zbx_h0000gn/T/AppTranslocation/007A3D1D-4998-4C70-ABAF-F5D12E456586/d/Visual Studio Code 3.51.21 PM.app/Contents/Resources/app/extensions/github/dist/extension.js
[2021-09-12 03:58:05.909] [exthost] [info] eager extensions activated
[2021-09-12 03:58:05.911] [exthost] [info] ExtensionService#_doActivateExtension vscode.emmet {"startup":false,"extensionId":{"value":"vscode.emmet","_lower":"vscode.emmet"},"activationEvent":"onStartupFinished"}
[2021-09-12 03:58:05.911] [exthost] [info] ExtensionService#loadCommonJSModule file:///private/var/folders/zn/69qm296d3pqfv6207b8zbx_h0000gn/T/AppTranslocation/007A3D1D-4998-4C70-ABAF-F5D12E456586/d/Visual Studio Code 3.51.21 PM.app/Contents/Resources/app/extensions/emmet/dist/node/emmetNodeMain
[2021-09-12 03:58:05.922] [exthost] [info] ExtensionService#_doActivateExtension vscode.merge-conflict {"startup":false,"extensionId":{"value":"vscode.merge-conflict","_lower":"vscode.merge-conflict"},"activationEvent":"onStartupFinished"}
[2021-09-12 03:58:05.923] [exthost] [info] ExtensionService#loadCommonJSModule file:///private/var/folders/zn/69qm296d3pqfv6207b8zbx_h0000gn/T/AppTranslocation/007A3D1D-4998-4C70-ABAF-F5D12E456586/d/Visual Studio Code 3.51.21 PM.app/Contents/Resources/app/extensions/merge-conflict/dist/mergeConflictMain
[2021-09-12 03:58:05.926] [exthost] [info] ExtensionService#_doActivateExtension vscode.testing-editor-contributions {"startup":false,"extensionId":{"value":"vscode.testing-editor-contributions","_lower":"vscode.testing-editor-contributions"},"activationEvent":"onStartupFinished"}
[2021-09-12 03:58:05.926] [exthost] [info] ExtensionService#loadCommonJSModule file:///private/var/folders/zn/69qm296d3pqfv6207b8zbx_h0000gn/T/AppTranslocation/007A3D1D-4998-4C70-ABAF-F5D12E456586/d/Visual Studio Code 3.51.21 PM.app/Contents/Resources/app/extensions/testing-editor-contributions/dist/extension.js
[2021-09-12 03:58:05.928] [exthost] [info] ExtensionService#_doActivateExtension esbenp.prettier-vscode {"startup":false,"extensionId":{"value":"esbenp.prettier-vscode","_lower":"esbenp.prettier-vscode"},"activationEvent":"onStartupFinished"}
[2021-09-12 03:58:05.928] [exthost] [info] ExtensionService#loadCommonJSModule file:///Users/macbookpro/.vscode/extensions/esbenp.prettier-vscode-7.1.1/dist/extension
[2021-09-12 03:58:06.015] [exthost] [info] ExtensionService#_doActivateExtension formulahendry.code-runner {"startup":false,"extensionId":{"value":"formulahendry.code-runner","_lower":"formulahendry.code-runner"},"activationEvent":"onStartupFinished"}
[2021-09-12 03:58:06.015] [exthost] [info] ExtensionService#loadCommonJSModule file:///Users/macbookpro/.vscode/extensions/formulahendry.code-runner-0.11.3/out/src/extension
[2021-09-12 03:58:06.051] [exthost] [info] ExtensionService#_doActivateExtension ms-vscode-remote.remote-containers {"startup":false,"extensionId":{"value":"ms-vscode-remote.remote-containers","_lower":"ms-vscode-remote.remote-containers"},"activationEvent":"onStartupFinished"}
[2021-09-12 03:58:06.052] [exthost] [info] ExtensionService#loadCommonJSModule file:///Users/macbookpro/.vscode/extensions/ms-vscode-remote.remote-containers-0.163.2/dist/extension/extension
[2021-09-12 03:58:06.597] [exthost] [info] extension host terminating: received terminate message from renderer
[2021-09-12 03:58:07.608] [exthost] [info] exiting with code 0
